c:\users\varva\desktop\spline_interpolation_v2\spline_interpolation_v2\debug\runge-kutta.pch
c:\users\varva\desktop\spline_interpolation_v2\spline_interpolation_v2\debug\vc142.pdb
c:\users\varva\desktop\spline_interpolation_v2\spline_interpolation_v2\debug\stdafx.obj
c:\users\varva\desktop\spline_interpolation_v2\spline_interpolation_v2\debug\rungkutt.obj
c:\users\varva\desktop\spline_interpolation_v2\spline_interpolation_v2\debug\.netframework,version=v4.6.1.assemblyattributes.obj
c:\users\varva\desktop\spline_interpolation_v2\spline_interpolation_v2\debug\.netframework,version=v4.6.1.assemblyattributes.asm
c:\users\varva\desktop\spline_interpolation_v2\debug\runge-kutta.exe
c:\users\varva\desktop\spline_interpolation_v2\debug\runge-kutta.pdb
c:\users\varva\desktop\spline_interpolation_v2\spline_interpolation_v2\debug\spline_interpolation_v2.form1.resources
c:\users\varva\desktop\spline_interpolation_v2\spline_interpolation_v2\debug\spline_interpolation_v2.vcxproj.generateresource.cache
c:\users\varva\desktop\spline_interpolation_v2\spline_interpolation_v2\debug\spline_interpolation_v2.vcxprojassemblyreference.cache
c:\users\varva\desktop\spline_interpolation_v2\spline_interpolation_v2\debug\runge-kutta.tlog\cl.command.1.tlog
c:\users\varva\desktop\spline_interpolation_v2\spline_interpolation_v2\debug\runge-kutta.tlog\cl.read.1.tlog
c:\users\varva\desktop\spline_interpolation_v2\spline_interpolation_v2\debug\runge-kutta.tlog\cl.write.1.tlog
c:\users\varva\desktop\spline_interpolation_v2\spline_interpolation_v2\debug\runge-kutta.tlog\link.command.1.tlog
c:\users\varva\desktop\spline_interpolation_v2\spline_interpolation_v2\debug\runge-kutta.tlog\link.read.1.tlog
c:\users\varva\desktop\spline_interpolation_v2\spline_interpolation_v2\debug\runge-kutta.tlog\link.write.1.tlog
c:\users\varva\desktop\spline_interpolation_v2\spline_interpolation_v2\debug\runge-kutta.tlog\metagen.read.1.tlog
c:\users\varva\desktop\spline_interpolation_v2\spline_interpolation_v2\debug\runge-kutta.tlog\metagen.write.1.tlog
c:\users\varva\desktop\spline_interpolation_v2\spline_interpolation_v2\debug\runge-kutta.tlog\runge-kutta.write.1u.tlog
